<?xml version="1.0" encoding="UTF-8"?>
<testng-results ignored="0" total="1" passed="1" failed="0" skipped="0">
  <reporter-output>
  </reporter-output>
  <suite started-at="2023-04-17T18:22:02 IST" name="Default suite" finished-at="2023-04-17T18:22:11 IST" duration-ms="9580">
    <groups>
    </groups>
    <test started-at="2023-04-17T18:22:02 IST" name="Default test" finished-at="2023-04-17T18:22:11 IST" duration-ms="9580">
      <class name="utility_test.LoginTest">
        <test-method is-config="true" signature="launchUrl_flipkart()[pri:0, instance:utility_test.LoginTest@1700915]" started-at="2023-04-17T18:22:02 IST" name="launchUrl_flipkart" finished-at="2023-04-17T18:22:10 IST" duration-ms="8619" status="PASS">
          <reporter-output>
          </reporter-output>
        </test-method> <!-- launchUrl_flipkart -->
        <test-method signature="getTitle1_flipkart()[pri:1, instance:utility_test.LoginTest@1700915]" started-at="2023-04-17T18:22:10 IST" name="getTitle1_flipkart" finished-at="2023-04-17T18:22:10 IST" duration-ms="65" status="PASS">
          <reporter-output>
          </reporter-output>
        </test-method> <!-- getTitle1_flipkart -->
        <test-method is-config="true" signature="closeBrowser()[pri:0, instance:utility_test.LoginTest@1700915]" started-at="2023-04-17T18:22:10 IST" name="closeBrowser" finished-at="2023-04-17T18:22:11 IST" duration-ms="714" status="PASS">
          <reporter-output>
          </reporter-output>
        </test-method> <!-- closeBrowser -->
      </class> <!-- utility_test.LoginTest -->
    </test> <!-- Default test -->
  </suite> <!-- Default suite -->
</testng-results>
